2020-04-10 17:53:44.187 [Test worker] INFO  o.s.c.s.PostProcessorRegistrationDelegate$BeanPostProcessorChecker - Bean 'org.springframework.retry.annotation.RetryConfiguration' of type [org.springframework.retry.annotation.RetryConfiguration$$EnhancerBySpringCGLIB$$47ea1fe0] is not eligible for getting processed by all BeanPostProcessors (for example: not eligible for auto-proxying)
2020-04-10 17:53:54.456 [Test worker] INFO  o.s.c.c.client.ConfigServicePropertySourceLocator - Fetching config from server at : http://192.168.56.1:8010/
2020-04-10 17:53:57.599 [Test worker] INFO  o.s.c.c.client.ConfigServicePropertySourceLocator - Located environment: name=demo-service-provider, profiles=[dev], label=master, version=null, state=null
2020-04-10 17:53:57.601 [Test worker] INFO  o.s.c.b.c.PropertySourceBootstrapConfiguration - Located property source: [BootstrapPropertySource {name='bootstrapProperties-demo-service-provider-dev'}]
2020-04-10 17:53:59.096 [Test worker] INFO  com.example.demo.ServiceProviderApplicationTests - The following profiles are active: dev
2020-04-10 17:54:03.922 [Test worker] WARN  o.springframework.boot.actuate.endpoint.EndpointId - Endpoint ID 'bus-env' contains invalid characters, please migrate to a valid format.
2020-04-10 17:54:06.400 [Test worker] WARN  o.springframework.boot.actuate.endpoint.EndpointId - Endpoint ID 'bus-refresh' contains invalid characters, please migrate to a valid format.
2020-04-10 17:54:06.676 [Test worker] WARN  o.springframework.boot.actuate.endpoint.EndpointId - Endpoint ID 'service-registry' contains invalid characters, please migrate to a valid format.
2020-04-10 17:54:07.918 [Test worker] INFO  o.springframework.cloud.context.scope.GenericScope - BeanFactory id=dd62e348-20eb-3153-b64c-8d1ed9696e14
2020-04-10 17:54:09.491 [Test worker] INFO  o.s.i.c.DefaultConfiguringBeanFactoryPostProcessor - No bean named 'errorChannel' has been explicitly defined. Therefore, a default PublishSubscribeChannel will be created.
2020-04-10 17:54:09.521 [Test worker] INFO  o.s.i.c.DefaultConfiguringBeanFactoryPostProcessor - No bean named 'taskScheduler' has been explicitly defined. Therefore, a default ThreadPoolTaskScheduler will be created.
2020-04-10 17:54:09.723 [Test worker] INFO  o.s.i.c.DefaultConfiguringBeanFactoryPostProcessor - No bean named 'integrationHeaderChannelRegistry' has been explicitly defined. Therefore, a default DefaultHeaderChannelRegistry will be created.
2020-04-10 17:54:11.212 [Test worker] INFO  o.s.c.s.PostProcessorRegistrationDelegate$BeanPostProcessorChecker - Bean 'org.springframework.retry.annotation.RetryConfiguration' of type [org.springframework.retry.annotation.RetryConfiguration$$EnhancerBySpringCGLIB$$47ea1fe0] is not eligible for getting processed by all BeanPostProcessors (for example: not eligible for auto-proxying)
2020-04-10 17:54:14.602 [Test worker] INFO  o.s.c.s.PostProcessorRegistrationDelegate$BeanPostProcessorChecker - Bean 'integrationChannelResolver' of type [org.springframework.integration.support.channel.BeanFactoryChannelResolver] is not eligible for getting processed by all BeanPostProcessors (for example: not eligible for auto-proxying)
2020-04-10 17:54:14.688 [Test worker] INFO  o.s.c.s.PostProcessorRegistrationDelegate$BeanPostProcessorChecker - Bean 'integrationDisposableAutoCreatedBeans' of type [org.springframework.integration.config.annotation.Disposables] is not eligible for getting processed by all BeanPostProcessors (for example: not eligible for auto-proxying)
2020-04-10 17:54:14.985 [Test worker] INFO  o.s.c.s.PostProcessorRegistrationDelegate$BeanPostProcessorChecker - Bean 'org.springframework.integration.config.IntegrationManagementConfiguration' of type [org.springframework.integration.config.IntegrationManagementConfiguration] is not eligible for getting processed by all BeanPostProcessors (for example: not eligible for auto-proxying)
2020-04-10 17:54:17.819 [Test worker] INFO  org.redisson.Version - Redisson 3.12.3
2020-04-10 17:54:54.227 [redisson-netty-2-3] WARN  org.redisson.client.handler.CommandDecoder - response has been skipped due to timeout! channel: [id: 0xb90fb2e3, L:/192.168.56.1:61609 - R:192.168.56.22/192.168.56.22:6379], command: (AUTH), params: (password masked)
2020-04-10 17:54:56.273 [redisson-netty-2-9] WARN  io.netty.util.concurrent.DefaultPromise - An exception was thrown by org.redisson.client.RedisClient$2.operationComplete()
java.util.concurrent.RejectedExecutionException: event executor terminated
	at io.netty.util.concurrent.SingleThreadEventExecutor.reject(SingleThreadEventExecutor.java:926)
	at io.netty.util.concurrent.SingleThreadEventExecutor.offerTask(SingleThreadEventExecutor.java:353)
	at io.netty.util.concurrent.SingleThreadEventExecutor.addTask(SingleThreadEventExecutor.java:346)
	at io.netty.util.concurrent.SingleThreadEventExecutor.execute(SingleThreadEventExecutor.java:828)
	at io.netty.util.concurrent.SingleThreadEventExecutor.execute(SingleThreadEventExecutor.java:818)
	at io.netty.util.concurrent.AbstractEventExecutorGroup.execute(AbstractEventExecutorGroup.java:115)
	at org.redisson.client.RedisClient$2.operationComplete(RedisClient.java:247)
	at org.redisson.client.RedisClient$2.operationComplete(RedisClient.java:226)
	at io.netty.util.concurrent.DefaultPromise.notifyListener0(DefaultPromise.java:577)
	at io.netty.util.concurrent.DefaultPromise.notifyListeners0(DefaultPromise.java:570)
	at io.netty.util.concurrent.DefaultPromise.notifyListenersNow(DefaultPromise.java:549)
	at io.netty.util.concurrent.DefaultPromise.notifyListeners(DefaultPromise.java:490)
	at io.netty.util.concurrent.DefaultPromise.setValue0(DefaultPromise.java:615)
	at io.netty.util.concurrent.DefaultPromise.setFailure0(DefaultPromise.java:608)
	at io.netty.util.concurrent.DefaultPromise.tryFailure(DefaultPromise.java:117)
	at io.netty.channel.nio.AbstractNioChannel.doClose(AbstractNioChannel.java:502)
	at io.netty.channel.socket.nio.NioSocketChannel.doClose(NioSocketChannel.java:342)
	at io.netty.channel.AbstractChannel$AbstractUnsafe.doClose0(AbstractChannel.java:759)
	at io.netty.channel.AbstractChannel$AbstractUnsafe.close(AbstractChannel.java:736)
	at io.netty.channel.AbstractChannel$AbstractUnsafe.close(AbstractChannel.java:607)
	at io.netty.channel.nio.NioEventLoop.closeAll(NioEventLoop.java:762)
	at io.netty.channel.nio.NioEventLoop.run(NioEventLoop.java:524)
	at io.netty.util.concurrent.SingleThreadEventExecutor$4.run(SingleThreadEventExecutor.java:989)
	at io.netty.util.internal.ThreadExecutorMap$2.run(ThreadExecutorMap.java:74)
	at io.netty.util.concurrent.FastThreadLocalRunnable.run(FastThreadLocalRunnable.java:30)
	at java.lang.Thread.run(Thread.java:748)
2020-04-10 17:54:56.276 [redisson-netty-2-17] WARN  io.netty.util.concurrent.DefaultPromise - An exception was thrown by org.redisson.client.RedisClient$2.operationComplete()
java.util.concurrent.RejectedExecutionException: event executor terminated
	at io.netty.util.concurrent.SingleThreadEventExecutor.reject(SingleThreadEventExecutor.java:926)
	at io.netty.util.concurrent.SingleThreadEventExecutor.offerTask(SingleThreadEventExecutor.java:353)
	at io.netty.util.concurrent.SingleThreadEventExecutor.addTask(SingleThreadEventExecutor.java:346)
	at io.netty.util.concurrent.SingleThreadEventExecutor.execute(SingleThreadEventExecutor.java:828)
	at io.netty.util.concurrent.SingleThreadEventExecutor.execute(SingleThreadEventExecutor.java:818)
	at io.netty.util.concurrent.AbstractEventExecutorGroup.execute(AbstractEventExecutorGroup.java:115)
	at org.redisson.client.RedisClient$2.operationComplete(RedisClient.java:247)
	at org.redisson.client.RedisClient$2.operationComplete(RedisClient.java:226)
	at io.netty.util.concurrent.DefaultPromise.notifyListener0(DefaultPromise.java:577)
	at io.netty.util.concurrent.DefaultPromise.notifyListeners0(DefaultPromise.java:570)
	at io.netty.util.concurrent.DefaultPromise.notifyListenersNow(DefaultPromise.java:549)
	at io.netty.util.concurrent.DefaultPromise.notifyListeners(DefaultPromise.java:490)
	at io.netty.util.concurrent.DefaultPromise.setValue0(DefaultPromise.java:615)
	at io.netty.util.concurrent.DefaultPromise.setFailure0(DefaultPromise.java:608)
	at io.netty.util.concurrent.DefaultPromise.tryFailure(DefaultPromise.java:117)
	at io.netty.channel.nio.AbstractNioChannel.doClose(AbstractNioChannel.java:502)
	at io.netty.channel.socket.nio.NioSocketChannel.doClose(NioSocketChannel.java:342)
	at io.netty.channel.AbstractChannel$AbstractUnsafe.doClose0(AbstractChannel.java:759)
	at io.netty.channel.AbstractChannel$AbstractUnsafe.close(AbstractChannel.java:736)
	at io.netty.channel.AbstractChannel$AbstractUnsafe.close(AbstractChannel.java:607)
	at io.netty.channel.nio.NioEventLoop.closeAll(NioEventLoop.java:762)
	at io.netty.channel.nio.NioEventLoop.run(NioEventLoop.java:524)
	at io.netty.util.concurrent.SingleThreadEventExecutor$4.run(SingleThreadEventExecutor.java:989)
	at io.netty.util.internal.ThreadExecutorMap$2.run(ThreadExecutorMap.java:74)
	at io.netty.util.concurrent.FastThreadLocalRunnable.run(FastThreadLocalRunnable.java:30)
	at java.lang.Thread.run(Thread.java:748)
2020-04-10 17:54:56.278 [redisson-netty-2-25] WARN  io.netty.util.concurrent.DefaultPromise - An exception was thrown by org.redisson.client.RedisClient$2.operationComplete()
java.util.concurrent.RejectedExecutionException: event executor terminated
	at io.netty.util.concurrent.SingleThreadEventExecutor.reject(SingleThreadEventExecutor.java:926)
	at io.netty.util.concurrent.SingleThreadEventExecutor.offerTask(SingleThreadEventExecutor.java:353)
	at io.netty.util.concurrent.SingleThreadEventExecutor.addTask(SingleThreadEventExecutor.java:346)
	at io.netty.util.concurrent.SingleThreadEventExecutor.execute(SingleThreadEventExecutor.java:828)
	at io.netty.util.concurrent.SingleThreadEventExecutor.execute(SingleThreadEventExecutor.java:818)
	at io.netty.util.concurrent.AbstractEventExecutorGroup.execute(AbstractEventExecutorGroup.java:115)
	at org.redisson.client.RedisClient$2.operationComplete(RedisClient.java:247)
	at org.redisson.client.RedisClient$2.operationComplete(RedisClient.java:226)
	at io.netty.util.concurrent.DefaultPromise.notifyListener0(DefaultPromise.java:577)
	at io.netty.util.concurrent.DefaultPromise.notifyListeners0(DefaultPromise.java:570)
	at io.netty.util.concurrent.DefaultPromise.notifyListenersNow(DefaultPromise.java:549)
	at io.netty.util.concurrent.DefaultPromise.notifyListeners(DefaultPromise.java:490)
	at io.netty.util.concurrent.DefaultPromise.setValue0(DefaultPromise.java:615)
	at io.netty.util.concurrent.DefaultPromise.setFailure0(DefaultPromise.java:608)
	at io.netty.util.concurrent.DefaultPromise.tryFailure(DefaultPromise.java:117)
	at io.netty.channel.nio.AbstractNioChannel.doClose(AbstractNioChannel.java:502)
	at io.netty.channel.socket.nio.NioSocketChannel.doClose(NioSocketChannel.java:342)
	at io.netty.channel.AbstractChannel$AbstractUnsafe.doClose0(AbstractChannel.java:759)
	at io.netty.channel.AbstractChannel$AbstractUnsafe.close(AbstractChannel.java:736)
	at io.netty.channel.AbstractChannel$AbstractUnsafe.close(AbstractChannel.java:607)
	at io.netty.channel.nio.NioEventLoop.closeAll(NioEventLoop.java:762)
	at io.netty.channel.nio.NioEventLoop.run(NioEventLoop.java:524)
	at io.netty.util.concurrent.SingleThreadEventExecutor$4.run(SingleThreadEventExecutor.java:989)
	at io.netty.util.internal.ThreadExecutorMap$2.run(ThreadExecutorMap.java:74)
	at io.netty.util.concurrent.FastThreadLocalRunnable.run(FastThreadLocalRunnable.java:30)
	at java.lang.Thread.run(Thread.java:748)
2020-04-10 17:54:56.286 [redisson-netty-2-20] WARN  io.netty.util.concurrent.DefaultPromise - An exception was thrown by org.redisson.client.RedisClient$2.operationComplete()
java.util.concurrent.RejectedExecutionException: event executor terminated
	at io.netty.util.concurrent.SingleThreadEventExecutor.reject(SingleThreadEventExecutor.java:926)
	at io.netty.util.concurrent.SingleThreadEventExecutor.offerTask(SingleThreadEventExecutor.java:353)
	at io.netty.util.concurrent.SingleThreadEventExecutor.addTask(SingleThreadEventExecutor.java:346)
	at io.netty.util.concurrent.SingleThreadEventExecutor.execute(SingleThreadEventExecutor.java:828)
	at io.netty.util.concurrent.SingleThreadEventExecutor.execute(SingleThreadEventExecutor.java:818)
	at io.netty.util.concurrent.AbstractEventExecutorGroup.execute(AbstractEventExecutorGroup.java:115)
	at org.redisson.client.RedisClient$2.operationComplete(RedisClient.java:247)
	at org.redisson.client.RedisClient$2.operationComplete(RedisClient.java:226)
	at io.netty.util.concurrent.DefaultPromise.notifyListener0(DefaultPromise.java:577)
	at io.netty.util.concurrent.DefaultPromise.notifyListeners0(DefaultPromise.java:570)
	at io.netty.util.concurrent.DefaultPromise.notifyListenersNow(DefaultPromise.java:549)
	at io.netty.util.concurrent.DefaultPromise.notifyListeners(DefaultPromise.java:490)
	at io.netty.util.concurrent.DefaultPromise.setValue0(DefaultPromise.java:615)
	at io.netty.util.concurrent.DefaultPromise.setFailure0(DefaultPromise.java:608)
	at io.netty.util.concurrent.DefaultPromise.tryFailure(DefaultPromise.java:117)
	at io.netty.channel.nio.AbstractNioChannel.doClose(AbstractNioChannel.java:502)
	at io.netty.channel.socket.nio.NioSocketChannel.doClose(NioSocketChannel.java:342)
	at io.netty.channel.AbstractChannel$AbstractUnsafe.doClose0(AbstractChannel.java:759)
	at io.netty.channel.AbstractChannel$AbstractUnsafe.close(AbstractChannel.java:736)
	at io.netty.channel.AbstractChannel$AbstractUnsafe.close(AbstractChannel.java:607)
	at io.netty.channel.nio.NioEventLoop.closeAll(NioEventLoop.java:762)
	at io.netty.channel.nio.NioEventLoop.run(NioEventLoop.java:524)
	at io.netty.util.concurrent.SingleThreadEventExecutor$4.run(SingleThreadEventExecutor.java:989)
	at io.netty.util.internal.ThreadExecutorMap$2.run(ThreadExecutorMap.java:74)
	at io.netty.util.concurrent.FastThreadLocalRunnable.run(FastThreadLocalRunnable.java:30)
	at java.lang.Thread.run(Thread.java:748)
2020-04-10 17:54:56.319 [redisson-netty-2-14] WARN  io.netty.util.concurrent.DefaultPromise - An exception was thrown by org.redisson.client.RedisClient$2.operationComplete()
java.util.concurrent.RejectedExecutionException: event executor terminated
	at io.netty.util.concurrent.SingleThreadEventExecutor.reject(SingleThreadEventExecutor.java:926)
	at io.netty.util.concurrent.SingleThreadEventExecutor.offerTask(SingleThreadEventExecutor.java:353)
	at io.netty.util.concurrent.SingleThreadEventExecutor.addTask(SingleThreadEventExecutor.java:346)
	at io.netty.util.concurrent.SingleThreadEventExecutor.execute(SingleThreadEventExecutor.java:828)
	at io.netty.util.concurrent.SingleThreadEventExecutor.execute(SingleThreadEventExecutor.java:818)
	at io.netty.util.concurrent.AbstractEventExecutorGroup.execute(AbstractEventExecutorGroup.java:115)
	at org.redisson.client.RedisClient$2.operationComplete(RedisClient.java:247)
	at org.redisson.client.RedisClient$2.operationComplete(RedisClient.java:226)
	at io.netty.util.concurrent.DefaultPromise.notifyListener0(DefaultPromise.java:577)
	at io.netty.util.concurrent.DefaultPromise.notifyListeners0(DefaultPromise.java:570)
	at io.netty.util.concurrent.DefaultPromise.notifyListenersNow(DefaultPromise.java:549)
	at io.netty.util.concurrent.DefaultPromise.notifyListeners(DefaultPromise.java:490)
	at io.netty.util.concurrent.DefaultPromise.setValue0(DefaultPromise.java:615)
	at io.netty.util.concurrent.DefaultPromise.setFailure0(DefaultPromise.java:608)
	at io.netty.util.concurrent.DefaultPromise.tryFailure(DefaultPromise.java:117)
	at io.netty.channel.nio.AbstractNioChannel$AbstractNioUnsafe$1.run(AbstractNioChannel.java:263)
	at io.netty.util.concurrent.PromiseTask.runTask(PromiseTask.java:98)
	at io.netty.util.concurrent.ScheduledFutureTask.run(ScheduledFutureTask.java:170)
	at io.netty.util.concurrent.AbstractEventExecutor.safeExecute(AbstractEventExecutor.java:164)
	at io.netty.util.concurrent.SingleThreadEventExecutor.runAllTasks(SingleThreadEventExecutor.java:472)
	at io.netty.channel.nio.NioEventLoop.run(NioEventLoop.java:500)
	at io.netty.util.concurrent.SingleThreadEventExecutor$4.run(SingleThreadEventExecutor.java:989)
	at io.netty.util.internal.ThreadExecutorMap$2.run(ThreadExecutorMap.java:74)
	at io.netty.util.concurrent.FastThreadLocalRunnable.run(FastThreadLocalRunnable.java:30)
	at java.lang.Thread.run(Thread.java:748)
2020-04-10 17:54:56.469 [redisson-netty-2-8] WARN  io.netty.util.concurrent.DefaultPromise - An exception was thrown by org.redisson.client.RedisClient$2.operationComplete()
java.util.concurrent.RejectedExecutionException: event executor terminated
	at io.netty.util.concurrent.SingleThreadEventExecutor.reject(SingleThreadEventExecutor.java:926)
	at io.netty.util.concurrent.SingleThreadEventExecutor.offerTask(SingleThreadEventExecutor.java:353)
	at io.netty.util.concurrent.SingleThreadEventExecutor.addTask(SingleThreadEventExecutor.java:346)
	at io.netty.util.concurrent.SingleThreadEventExecutor.execute(SingleThreadEventExecutor.java:828)
	at io.netty.util.concurrent.SingleThreadEventExecutor.execute(SingleThreadEventExecutor.java:818)
	at io.netty.util.concurrent.AbstractEventExecutorGroup.execute(AbstractEventExecutorGroup.java:115)
	at org.redisson.client.RedisClient$2.operationComplete(RedisClient.java:247)
	at org.redisson.client.RedisClient$2.operationComplete(RedisClient.java:226)
	at io.netty.util.concurrent.DefaultPromise.notifyListener0(DefaultPromise.java:577)
	at io.netty.util.concurrent.DefaultPromise.notifyListeners0(DefaultPromise.java:570)
	at io.netty.util.concurrent.DefaultPromise.notifyListenersNow(DefaultPromise.java:549)
	at io.netty.util.concurrent.DefaultPromise.notifyListeners(DefaultPromise.java:490)
	at io.netty.util.concurrent.DefaultPromise.setValue0(DefaultPromise.java:615)
	at io.netty.util.concurrent.DefaultPromise.setFailure0(DefaultPromise.java:608)
	at io.netty.util.concurrent.DefaultPromise.tryFailure(DefaultPromise.java:117)
	at io.netty.channel.nio.AbstractNioChannel.doClose(AbstractNioChannel.java:502)
	at io.netty.channel.socket.nio.NioSocketChannel.doClose(NioSocketChannel.java:342)
	at io.netty.channel.AbstractChannel$AbstractUnsafe.doClose0(AbstractChannel.java:759)
	at io.netty.channel.AbstractChannel$AbstractUnsafe.close(AbstractChannel.java:736)
	at io.netty.channel.AbstractChannel$AbstractUnsafe.close(AbstractChannel.java:607)
	at io.netty.channel.nio.NioEventLoop.closeAll(NioEventLoop.java:762)
	at io.netty.channel.nio.NioEventLoop.run(NioEventLoop.java:524)
	at io.netty.util.concurrent.SingleThreadEventExecutor$4.run(SingleThreadEventExecutor.java:989)
	at io.netty.util.internal.ThreadExecutorMap$2.run(ThreadExecutorMap.java:74)
	at io.netty.util.concurrent.FastThreadLocalRunnable.run(FastThreadLocalRunnable.java:30)
	at java.lang.Thread.run(Thread.java:748)
2020-04-10 17:54:56.478 [redisson-netty-2-12] WARN  io.netty.util.concurrent.DefaultPromise - An exception was thrown by org.redisson.client.RedisClient$2.operationComplete()
java.util.concurrent.RejectedExecutionException: event executor terminated
	at io.netty.util.concurrent.SingleThreadEventExecutor.reject(SingleThreadEventExecutor.java:926)
	at io.netty.util.concurrent.SingleThreadEventExecutor.offerTask(SingleThreadEventExecutor.java:353)
	at io.netty.util.concurrent.SingleThreadEventExecutor.addTask(SingleThreadEventExecutor.java:346)
	at io.netty.util.concurrent.SingleThreadEventExecutor.execute(SingleThreadEventExecutor.java:828)
	at io.netty.util.concurrent.SingleThreadEventExecutor.execute(SingleThreadEventExecutor.java:818)
	at io.netty.util.concurrent.AbstractEventExecutorGroup.execute(AbstractEventExecutorGroup.java:115)
	at org.redisson.client.RedisClient$2.operationComplete(RedisClient.java:247)
	at org.redisson.client.RedisClient$2.operationComplete(RedisClient.java:226)
	at io.netty.util.concurrent.DefaultPromise.notifyListener0(DefaultPromise.java:577)
	at io.netty.util.concurrent.DefaultPromise.notifyListeners0(DefaultPromise.java:570)
	at io.netty.util.concurrent.DefaultPromise.notifyListenersNow(DefaultPromise.java:549)
	at io.netty.util.concurrent.DefaultPromise.notifyListeners(DefaultPromise.java:490)
	at io.netty.util.concurrent.DefaultPromise.setValue0(DefaultPromise.java:615)
	at io.netty.util.concurrent.DefaultPromise.setFailure0(DefaultPromise.java:608)
	at io.netty.util.concurrent.DefaultPromise.tryFailure(DefaultPromise.java:117)
	at io.netty.channel.nio.AbstractNioChannel$AbstractNioUnsafe$1.run(AbstractNioChannel.java:263)
	at io.netty.util.concurrent.PromiseTask.runTask(PromiseTask.java:98)
	at io.netty.util.concurrent.ScheduledFutureTask.run(ScheduledFutureTask.java:170)
	at io.netty.util.concurrent.AbstractEventExecutor.safeExecute(AbstractEventExecutor.java:164)
	at io.netty.util.concurrent.SingleThreadEventExecutor.runAllTasks(SingleThreadEventExecutor.java:472)
	at io.netty.channel.nio.NioEventLoop.run(NioEventLoop.java:500)
	at io.netty.util.concurrent.SingleThreadEventExecutor$4.run(SingleThreadEventExecutor.java:989)
	at io.netty.util.internal.ThreadExecutorMap$2.run(ThreadExecutorMap.java:74)
	at io.netty.util.concurrent.FastThreadLocalRunnable.run(FastThreadLocalRunnable.java:30)
	at java.lang.Thread.run(Thread.java:748)
2020-04-10 17:54:56.503 [redisson-netty-2-7] WARN  io.netty.util.concurrent.DefaultPromise - An exception was thrown by org.redisson.client.RedisClient$2.operationComplete()
java.util.concurrent.RejectedExecutionException: event executor terminated
	at io.netty.util.concurrent.SingleThreadEventExecutor.reject(SingleThreadEventExecutor.java:926)
	at io.netty.util.concurrent.SingleThreadEventExecutor.offerTask(SingleThreadEventExecutor.java:353)
	at io.netty.util.concurrent.SingleThreadEventExecutor.addTask(SingleThreadEventExecutor.java:346)
	at io.netty.util.concurrent.SingleThreadEventExecutor.execute(SingleThreadEventExecutor.java:828)
	at io.netty.util.concurrent.SingleThreadEventExecutor.execute(SingleThreadEventExecutor.java:818)
	at io.netty.util.concurrent.AbstractEventExecutorGroup.execute(AbstractEventExecutorGroup.java:115)
	at org.redisson.client.RedisClient$2.operationComplete(RedisClient.java:247)
	at org.redisson.client.RedisClient$2.operationComplete(RedisClient.java:226)
	at io.netty.util.concurrent.DefaultPromise.notifyListener0(DefaultPromise.java:577)
	at io.netty.util.concurrent.DefaultPromise.notifyListeners0(DefaultPromise.java:570)
	at io.netty.util.concurrent.DefaultPromise.notifyListenersNow(DefaultPromise.java:549)
	at io.netty.util.concurrent.DefaultPromise.notifyListeners(DefaultPromise.java:490)
	at io.netty.util.concurrent.DefaultPromise.setValue0(DefaultPromise.java:615)
	at io.netty.util.concurrent.DefaultPromise.setFailure0(DefaultPromise.java:608)
	at io.netty.util.concurrent.DefaultPromise.tryFailure(DefaultPromise.java:117)
	at io.netty.channel.nio.AbstractNioChannel.doClose(AbstractNioChannel.java:502)
	at io.netty.channel.socket.nio.NioSocketChannel.doClose(NioSocketChannel.java:342)
	at io.netty.channel.AbstractChannel$AbstractUnsafe.doClose0(AbstractChannel.java:759)
	at io.netty.channel.AbstractChannel$AbstractUnsafe.close(AbstractChannel.java:736)
	at io.netty.channel.AbstractChannel$AbstractUnsafe.close(AbstractChannel.java:607)
	at io.netty.channel.nio.NioEventLoop.closeAll(NioEventLoop.java:762)
	at io.netty.channel.nio.NioEventLoop.run(NioEventLoop.java:524)
	at io.netty.util.concurrent.SingleThreadEventExecutor$4.run(SingleThreadEventExecutor.java:989)
	at io.netty.util.internal.ThreadExecutorMap$2.run(ThreadExecutorMap.java:74)
	at io.netty.util.concurrent.FastThreadLocalRunnable.run(FastThreadLocalRunnable.java:30)
	at java.lang.Thread.run(Thread.java:748)
2020-04-10 17:54:56.544 [redisson-netty-2-11] WARN  io.netty.util.concurrent.DefaultPromise - An exception was thrown by org.redisson.client.RedisClient$2.operationComplete()
java.util.concurrent.RejectedExecutionException: event executor terminated
	at io.netty.util.concurrent.SingleThreadEventExecutor.reject(SingleThreadEventExecutor.java:926)
	at io.netty.util.concurrent.SingleThreadEventExecutor.offerTask(SingleThreadEventExecutor.java:353)
	at io.netty.util.concurrent.SingleThreadEventExecutor.addTask(SingleThreadEventExecutor.java:346)
	at io.netty.util.concurrent.SingleThreadEventExecutor.execute(SingleThreadEventExecutor.java:828)
	at io.netty.util.concurrent.SingleThreadEventExecutor.execute(SingleThreadEventExecutor.java:818)
	at io.netty.util.concurrent.AbstractEventExecutorGroup.execute(AbstractEventExecutorGroup.java:115)
	at org.redisson.client.RedisClient$2.operationComplete(RedisClient.java:247)
	at org.redisson.client.RedisClient$2.operationComplete(RedisClient.java:226)
	at io.netty.util.concurrent.DefaultPromise.notifyListener0(DefaultPromise.java:577)
	at io.netty.util.concurrent.DefaultPromise.notifyListeners0(DefaultPromise.java:570)
	at io.netty.util.concurrent.DefaultPromise.notifyListenersNow(DefaultPromise.java:549)
	at io.netty.util.concurrent.DefaultPromise.notifyListeners(DefaultPromise.java:490)
	at io.netty.util.concurrent.DefaultPromise.setValue0(DefaultPromise.java:615)
	at io.netty.util.concurrent.DefaultPromise.setFailure0(DefaultPromise.java:608)
	at io.netty.util.concurrent.DefaultPromise.tryFailure(DefaultPromise.java:117)
	at io.netty.channel.nio.AbstractNioChannel.doClose(AbstractNioChannel.java:502)
	at io.netty.channel.socket.nio.NioSocketChannel.doClose(NioSocketChannel.java:342)
	at io.netty.channel.AbstractChannel$AbstractUnsafe.doClose0(AbstractChannel.java:759)
	at io.netty.channel.AbstractChannel$AbstractUnsafe.close(AbstractChannel.java:736)
	at io.netty.channel.AbstractChannel$AbstractUnsafe.close(AbstractChannel.java:607)
	at io.netty.channel.nio.NioEventLoop.closeAll(NioEventLoop.java:762)
	at io.netty.channel.nio.NioEventLoop.run(NioEventLoop.java:524)
	at io.netty.util.concurrent.SingleThreadEventExecutor$4.run(SingleThreadEventExecutor.java:989)
	at io.netty.util.internal.ThreadExecutorMap$2.run(ThreadExecutorMap.java:74)
	at io.netty.util.concurrent.FastThreadLocalRunnable.run(FastThreadLocalRunnable.java:30)
	at java.lang.Thread.run(Thread.java:748)
2020-04-10 17:54:56.602 [Test worker] WARN  o.s.w.context.support.GenericWebApplicationContext - Exception encountered during context initialization - cancelling refresh attempt: org.springframework.beans.factory.UnsatisfiedDependencyException: Error creating bean with name 'distributedLockerImpl': Unsatisfied dependency expressed through field 'redissonClient'; nested exception is org.springframework.beans.factory.BeanCreationException: Error creating bean with name 'getRedisson' defined in class path resource [com/example/demo/common/lock/redisson/RedissonConfig.class]: Bean instantiation via factory method failed; nested exception is org.springframework.beans.BeanInstantiationException: Failed to instantiate [org.redisson.api.RedissonClient]: Factory method 'getRedisson' threw exception; nested exception is org.redisson.client.RedisConnectionException: Unable to connect to Redis server: 192.168.56.22/192.168.56.22:6379
2020-04-10 17:54:56.665 [Test worker] INFO  o.s.b.a.l.ConditionEvaluationReportLoggingListener - 

Error starting ApplicationContext. To display the conditions report re-run your application with 'debug' enabled.
2020-04-10 17:54:56.671 [Test worker] ERROR org.springframework.boot.SpringApplication - Application run failed
org.springframework.beans.factory.UnsatisfiedDependencyException: Error creating bean with name 'distributedLockerImpl': Unsatisfied dependency expressed through field 'redissonClient'; nested exception is org.springframework.beans.factory.BeanCreationException: Error creating bean with name 'getRedisson' defined in class path resource [com/example/demo/common/lock/redisson/RedissonConfig.class]: Bean instantiation via factory method failed; nested exception is org.springframework.beans.BeanInstantiationException: Failed to instantiate [org.redisson.api.RedissonClient]: Factory method 'getRedisson' threw exception; nested exception is org.redisson.client.RedisConnectionException: Unable to connect to Redis server: 192.168.56.22/192.168.56.22:6379
	at org.springframework.beans.factory.annotation.AutowiredAnnotationBeanPostProcessor$AutowiredFieldElement.inject(AutowiredAnnotationBeanPostProcessor.java:643)
	at org.springframework.beans.factory.annotation.InjectionMetadata.inject(InjectionMetadata.java:130)
	at org.springframework.beans.factory.annotation.AutowiredAnnotationBeanPostProcessor.postProcessProperties(AutowiredAnnotationBeanPostProcessor.java:399)
	at org.springframework.beans.factory.support.AbstractAutowireCapableBeanFactory.populateBean(AbstractAutowireCapableBeanFactory.java:1422)
	at org.springframework.beans.factory.support.AbstractAutowireCapableBeanFactory.doCreateBean(AbstractAutowireCapableBeanFactory.java:594)
	at org.springframework.beans.factory.support.AbstractAutowireCapableBeanFactory.createBean(AbstractAutowireCapableBeanFactory.java:517)
	at org.springframework.beans.factory.support.AbstractBeanFactory.lambda$doGetBean$0(AbstractBeanFactory.java:323)
	at org.springframework.beans.factory.support.DefaultSingletonBeanRegistry.getSingleton(DefaultSingletonBeanRegistry.java:222)
	at org.springframework.beans.factory.support.AbstractBeanFactory.doGetBean(AbstractBeanFactory.java:321)
	at org.springframework.beans.factory.support.AbstractBeanFactory.getBean(AbstractBeanFactory.java:202)
	at org.springframework.beans.factory.support.DefaultListableBeanFactory.preInstantiateSingletons(DefaultListableBeanFactory.java:879)
	at org.springframework.context.support.AbstractApplicationContext.finishBeanFactoryInitialization(AbstractApplicationContext.java:878)
	at org.springframework.context.support.AbstractApplicationContext.refresh(AbstractApplicationContext.java:550)
	at org.springframework.boot.SpringApplication.refresh(SpringApplication.java:747)
	at org.springframework.boot.SpringApplication.refreshContext(SpringApplication.java:397)
	at org.springframework.boot.SpringApplication.run(SpringApplication.java:315)
	at org.springframework.boot.test.context.SpringBootContextLoader.loadContext(SpringBootContextLoader.java:126)
	at org.springframework.test.context.cache.DefaultCacheAwareContextLoaderDelegate.loadContextInternal(DefaultCacheAwareContextLoaderDelegate.java:99)
	at org.springframework.test.context.cache.DefaultCacheAwareContextLoaderDelegate.loadContext(DefaultCacheAwareContextLoaderDelegate.java:124)
	at org.springframework.test.context.support.DefaultTestContext.getApplicationContext(DefaultTestContext.java:123)
	at org.springframework.test.context.web.ServletTestExecutionListener.setUpRequestContextIfNecessary(ServletTestExecutionListener.java:190)
	at org.springframework.test.context.web.ServletTestExecutionListener.prepareTestInstance(ServletTestExecutionListener.java:132)
	at org.springframework.test.context.TestContextManager.prepareTestInstance(TestContextManager.java:244)
	at org.springframework.test.context.junit.jupiter.SpringExtension.postProcessTestInstance(SpringExtension.java:98)
	at org.junit.jupiter.engine.descriptor.ClassBasedTestDescriptor.lambda$invokeTestInstancePostProcessors$5(ClassBasedTestDescriptor.java:337)
	at org.junit.jupiter.engine.descriptor.ClassBasedTestDescriptor.executeAndMaskThrowable(ClassBasedTestDescriptor.java:342)
	at org.junit.jupiter.engine.descriptor.ClassBasedTestDescriptor.lambda$invokeTestInstancePostProcessors$6(ClassBasedTestDescriptor.java:337)
	at java.util.stream.ReferencePipeline$3$1.accept(ReferencePipeline.java:193)
	at java.util.stream.ReferencePipeline$2$1.accept(ReferencePipeline.java:175)
	at java.util.ArrayList$ArrayListSpliterator.forEachRemaining(ArrayList.java:1382)
	at java.util.stream.AbstractPipeline.copyInto(AbstractPipeline.java:481)
	at java.util.stream.AbstractPipeline.wrapAndCopyInto(AbstractPipeline.java:471)
	at java.util.stream.StreamSpliterators$WrappingSpliterator.forEachRemaining(StreamSpliterators.java:312)
	at java.util.stream.Streams$ConcatSpliterator.forEachRemaining(Streams.java:743)
	at java.util.stream.Streams$ConcatSpliterator.forEachRemaining(Streams.java:742)
	at java.util.stream.ReferencePipeline$Head.forEach(ReferencePipeline.java:580)
	at org.junit.jupiter.engine.descriptor.ClassBasedTestDescriptor.invokeTestInstancePostProcessors(ClassBasedTestDescriptor.java:336)
	at org.junit.jupiter.engine.descriptor.ClassBasedTestDescriptor.instantiateAndPostProcessTestInstance(ClassBasedTestDescriptor.java:259)
	at org.junit.jupiter.engine.descriptor.ClassBasedTestDescriptor.lambda$testInstancesProvider$2(ClassBasedTestDescriptor.java:252)
	at java.util.Optional.orElseGet(Optional.java:267)
	at org.junit.jupiter.engine.descriptor.ClassBasedTestDescriptor.lambda$testInstancesProvider$3(ClassBasedTestDescriptor.java:251)
	at org.junit.jupiter.engine.execution.TestInstancesProvider.getTestInstances(TestInstancesProvider.java:29)
	at org.junit.jupiter.engine.descriptor.TestMethodTestDescriptor.lambda$prepare$0(TestMethodTestDescriptor.java:106)
	at org.junit.platform.engine.support.hierarchical.ThrowableCollector.execute(ThrowableCollector.java:73)
	at org.junit.jupiter.engine.descriptor.TestMethodTestDescriptor.prepare(TestMethodTestDescriptor.java:105)
	at org.junit.jupiter.engine.descriptor.TestMethodTestDescriptor.prepare(TestMethodTestDescriptor.java:69)
	at org.junit.platform.engine.support.hierarchical.NodeTestTask.lambda$prepare$1(NodeTestTask.java:107)
	at org.junit.platform.engine.support.hierarchical.ThrowableCollector.execute(ThrowableCollector.java:73)
	at org.junit.platform.engine.support.hierarchical.NodeTestTask.prepare(NodeTestTask.java:107)
	at org.junit.platform.engine.support.hierarchical.NodeTestTask.execute(NodeTestTask.java:75)
	at java.util.ArrayList.forEach(ArrayList.java:1257)
	at org.junit.platform.engine.support.hierarchical.SameThreadHierarchicalTestExecutorService.invokeAll(SameThreadHierarchicalTestExecutorService.java:38)
	at org.junit.platform.engine.support.hierarchical.NodeTestTask.lambda$executeRecursively$5(NodeTestTask.java:139)
	at org.junit.platform.engine.support.hierarchical.ThrowableCollector.execute(ThrowableCollector.java:73)
	at org.junit.platform.engine.support.hierarchical.NodeTestTask.lambda$executeRecursively$7(NodeTestTask.java:125)
	at org.junit.platform.engine.support.hierarchical.Node.around(Node.java:135)
	at org.junit.platform.engine.support.hierarchical.NodeTestTask.lambda$executeRecursively$8(NodeTestTask.java:123)
	at org.junit.platform.engine.support.hierarchical.ThrowableCollector.execute(ThrowableCollector.java:73)
	at org.junit.platform.engine.support.hierarchical.NodeTestTask.executeRecursively(NodeTestTask.java:122)
	at org.junit.platform.engine.support.hierarchical.NodeTestTask.execute(NodeTestTask.java:80)
	at java.util.ArrayList.forEach(ArrayList.java:1257)
	at org.junit.platform.engine.support.hierarchical.SameThreadHierarchicalTestExecutorService.invokeAll(SameThreadHierarchicalTestExecutorService.java:38)
	at org.junit.platform.engine.support.hierarchical.NodeTestTask.lambda$executeRecursively$5(NodeTestTask.java:139)
	at org.junit.platform.engine.support.hierarchical.ThrowableCollector.execute(ThrowableCollector.java:73)
	at org.junit.platform.engine.support.hierarchical.NodeTestTask.lambda$executeRecursively$7(NodeTestTask.java:125)
	at org.junit.platform.engine.support.hierarchical.Node.around(Node.java:135)
	at org.junit.platform.engine.support.hierarchical.NodeTestTask.lambda$executeRecursively$8(NodeTestTask.java:123)
	at org.junit.platform.engine.support.hierarchical.ThrowableCollector.execute(ThrowableCollector.java:73)
	at org.junit.platform.engine.support.hierarchical.NodeTestTask.executeRecursively(NodeTestTask.java:122)
	at org.junit.platform.engine.support.hierarchical.NodeTestTask.execute(NodeTestTask.java:80)
	at org.junit.platform.engine.support.hierarchical.SameThreadHierarchicalTestExecutorService.submit(SameThreadHierarchicalTestExecutorService.java:32)
	at org.junit.platform.engine.support.hierarchical.HierarchicalTestExecutor.execute(HierarchicalTestExecutor.java:57)
	at org.junit.platform.engine.support.hierarchical.HierarchicalTestEngine.execute(HierarchicalTestEngine.java:51)
	at org.junit.platform.launcher.core.DefaultLauncher.execute(DefaultLauncher.java:220)
	at org.junit.platform.launcher.core.DefaultLauncher.lambda$execute$6(DefaultLauncher.java:188)
	at org.junit.platform.launcher.core.DefaultLauncher.withInterceptedStreams(DefaultLauncher.java:202)
	at org.junit.platform.launcher.core.DefaultLauncher.execute(DefaultLauncher.java:181)
	at org.junit.platform.launcher.core.DefaultLauncher.execute(DefaultLauncher.java:128)
	at org.gradle.api.internal.tasks.testing.junitplatform.JUnitPlatformTestClassProcessor$CollectAllTestClassesExecutor.processAllTestClasses(JUnitPlatformTestClassProcessor.java:99)
	at org.gradle.api.internal.tasks.testing.junitplatform.JUnitPlatformTestClassProcessor$CollectAllTestClassesExecutor.access$000(JUnitPlatformTestClassProcessor.java:79)
	at org.gradle.api.internal.tasks.testing.junitplatform.JUnitPlatformTestClassProcessor.stop(JUnitPlatformTestClassProcessor.java:75)
	at org.gradle.api.internal.tasks.testing.SuiteTestClassProcessor.stop(SuiteTestClassProcessor.java:61)
	at sun.reflect.NativeMethodAccessorImpl.invoke0(Native Method)
	at sun.reflect.NativeMethodAccessorImpl.invoke(NativeMethodAccessorImpl.java:62)
	at sun.reflect.DelegatingMethodAccessorImpl.invoke(DelegatingMethodAccessorImpl.java:43)
	at java.lang.reflect.Method.invoke(Method.java:498)
	at org.gradle.internal.dispatch.ReflectionDispatch.dispatch(ReflectionDispatch.java:36)
	at org.gradle.internal.dispatch.ReflectionDispatch.dispatch(ReflectionDispatch.java:24)
	at org.gradle.internal.dispatch.ContextClassLoaderDispatch.dispatch(ContextClassLoaderDispatch.java:33)
	at org.gradle.internal.dispatch.ProxyDispatchAdapter$DispatchingInvocationHandler.invoke(ProxyDispatchAdapter.java:94)
	at com.sun.proxy.$Proxy2.stop(Unknown Source)
	at org.gradle.api.internal.tasks.testing.worker.TestWorker.stop(TestWorker.java:132)
	at sun.reflect.NativeMethodAccessorImpl.invoke0(Native Method)
	at sun.reflect.NativeMethodAccessorImpl.invoke(NativeMethodAccessorImpl.java:62)
	at sun.reflect.DelegatingMethodAccessorImpl.invoke(DelegatingMethodAccessorImpl.java:43)
	at java.lang.reflect.Method.invoke(Method.java:498)
	at org.gradle.internal.dispatch.ReflectionDispatch.dispatch(ReflectionDispatch.java:36)
	at org.gradle.internal.dispatch.ReflectionDispatch.dispatch(ReflectionDispatch.java:24)
	at org.gradle.internal.remote.internal.hub.MessageHubBackedObjectConnection$DispatchWrapper.dispatch(MessageHubBackedObjectConnection.java:182)
	at org.gradle.internal.remote.internal.hub.MessageHubBackedObjectConnection$DispatchWrapper.dispatch(MessageHubBackedObjectConnection.java:164)
	at org.gradle.internal.remote.internal.hub.MessageHub$Handler.run(MessageHub.java:412)
	at org.gradle.internal.concurrent.ExecutorPolicy$CatchAndRecordFailures.onExecute(ExecutorPolicy.java:64)
	at org.gradle.internal.concurrent.ManagedExecutorImpl$1.run(ManagedExecutorImpl.java:48)
	at java.util.concurrent.ThreadPoolExecutor.runWorker(ThreadPoolExecutor.java:1149)
	at java.util.concurrent.ThreadPoolExecutor$Worker.run(ThreadPoolExecutor.java:624)
	at org.gradle.internal.concurrent.ThreadFactoryImpl$ManagedThreadRunnable.run(ThreadFactoryImpl.java:56)
	at java.lang.Thread.run(Thread.java:748)
Caused by: org.springframework.beans.factory.BeanCreationException: Error creating bean with name 'getRedisson' defined in class path resource [com/example/demo/common/lock/redisson/RedissonConfig.class]: Bean instantiation via factory method failed; nested exception is org.springframework.beans.BeanInstantiationException: Failed to instantiate [org.redisson.api.RedissonClient]: Factory method 'getRedisson' threw exception; nested exception is org.redisson.client.RedisConnectionException: Unable to connect to Redis server: 192.168.56.22/192.168.56.22:6379
	at org.springframework.beans.factory.support.ConstructorResolver.instantiate(ConstructorResolver.java:656)
	at org.springframework.beans.factory.support.ConstructorResolver.instantiateUsingFactoryMethod(ConstructorResolver.java:484)
	at org.springframework.beans.factory.support.AbstractAutowireCapableBeanFactory.instantiateUsingFactoryMethod(AbstractAutowireCapableBeanFactory.java:1338)
	at org.springframework.beans.factory.support.AbstractAutowireCapableBeanFactory.createBeanInstance(AbstractAutowireCapableBeanFactory.java:1177)
	at org.springframework.beans.factory.support.AbstractAutowireCapableBeanFactory.doCreateBean(AbstractAutowireCapableBeanFactory.java:557)
	at org.springframework.beans.factory.support.AbstractAutowireCapableBeanFactory.createBean(AbstractAutowireCapableBeanFactory.java:517)
	at org.springframework.beans.factory.support.AbstractBeanFactory.lambda$doGetBean$0(AbstractBeanFactory.java:323)
	at org.springframework.beans.factory.support.DefaultSingletonBeanRegistry.getSingleton(DefaultSingletonBeanRegistry.java:222)
	at org.springframework.beans.factory.support.AbstractBeanFactory.doGetBean(AbstractBeanFactory.java:321)
	at org.springframework.beans.factory.support.AbstractBeanFactory.getBean(AbstractBeanFactory.java:202)
	at org.springframework.beans.factory.config.DependencyDescriptor.resolveCandidate(DependencyDescriptor.java:276)
	at org.springframework.beans.factory.support.DefaultListableBeanFactory.doResolveDependency(DefaultListableBeanFactory.java:1287)
	at org.springframework.beans.factory.support.DefaultListableBeanFactory.resolveDependency(DefaultListableBeanFactory.java:1207)
	at org.springframework.beans.factory.annotation.AutowiredAnnotationBeanPostProcessor$AutowiredFieldElement.inject(AutowiredAnnotationBeanPostProcessor.java:640)
	... 106 common frames omitted
Caused by: org.springframework.beans.BeanInstantiationException: Failed to instantiate [org.redisson.api.RedissonClient]: Factory method 'getRedisson' threw exception; nested exception is org.redisson.client.RedisConnectionException: Unable to connect to Redis server: 192.168.56.22/192.168.56.22:6379
	at org.springframework.beans.factory.support.SimpleInstantiationStrategy.instantiate(SimpleInstantiationStrategy.java:185)
	at org.springframework.beans.factory.support.ConstructorResolver.instantiate(ConstructorResolver.java:651)
	... 119 common frames omitted
Caused by: org.redisson.client.RedisConnectionException: Unable to connect to Redis server: 192.168.56.22/192.168.56.22:6379
	at org.redisson.connection.pool.ConnectionPool$1.lambda$run$0(ConnectionPool.java:160)
	at org.redisson.misc.RedissonPromise.lambda$onComplete$0(RedissonPromise.java:183)
	at io.netty.util.concurrent.DefaultPromise.notifyListener0(DefaultPromise.java:577)
	at io.netty.util.concurrent.DefaultPromise.notifyListenersNow(DefaultPromise.java:551)
	at io.netty.util.concurrent.DefaultPromise.notifyListeners(DefaultPromise.java:490)
	at io.netty.util.concurrent.DefaultPromise.setValue0(DefaultPromise.java:615)
	at io.netty.util.concurrent.DefaultPromise.setFailure0(DefaultPromise.java:608)
	at io.netty.util.concurrent.DefaultPromise.tryFailure(DefaultPromise.java:117)
	at org.redisson.misc.RedissonPromise.tryFailure(RedissonPromise.java:96)
	at org.redisson.connection.pool.ConnectionPool.promiseFailure(ConnectionPool.java:330)
	at org.redisson.connection.pool.ConnectionPool.lambda$createConnection$1(ConnectionPool.java:296)
	at org.redisson.misc.RedissonPromise.lambda$onComplete$0(RedissonPromise.java:183)
	at io.netty.util.concurrent.DefaultPromise.notifyListener0(DefaultPromise.java:577)
	at io.netty.util.concurrent.DefaultPromise.notifyListeners0(DefaultPromise.java:570)
	at io.netty.util.concurrent.DefaultPromise.notifyListenersNow(DefaultPromise.java:549)
	at io.netty.util.concurrent.DefaultPromise.notifyListeners(DefaultPromise.java:490)
	at io.netty.util.concurrent.DefaultPromise.setValue0(DefaultPromise.java:615)
	at io.netty.util.concurrent.DefaultPromise.setFailure0(DefaultPromise.java:608)
	at io.netty.util.concurrent.DefaultPromise.tryFailure(DefaultPromise.java:117)
	at org.redisson.misc.RedissonPromise.tryFailure(RedissonPromise.java:96)
	at org.redisson.client.RedisClient$2$1.run(RedisClient.java:240)
	at io.netty.util.concurrent.AbstractEventExecutor.safeExecute(AbstractEventExecutor.java:164)
	at io.netty.util.concurrent.SingleThreadEventExecutor.runAllTasks(SingleThreadEventExecutor.java:472)
	at io.netty.channel.nio.NioEventLoop.run(NioEventLoop.java:500)
	at io.netty.util.concurrent.SingleThreadEventExecutor$4.run(SingleThreadEventExecutor.java:989)
	at io.netty.util.internal.ThreadExecutorMap$2.run(ThreadExecutorMap.java:74)
	at io.netty.util.concurrent.FastThreadLocalRunnable.run(FastThreadLocalRunnable.java:30)
	... 1 common frames omitted
Caused by: org.redisson.client.RedisTimeoutException: Command execution timeout for command: (AUTH), params: (password masked), Redis client: [addr=redis://192.168.56.22:6379]
	at org.redisson.client.RedisConnection.lambda$async$1(RedisConnection.java:207)
	at io.netty.util.HashedWheelTimer$HashedWheelTimeout.expire(HashedWheelTimer.java:672)
	at io.netty.util.HashedWheelTimer$HashedWheelBucket.expireTimeouts(HashedWheelTimer.java:747)
	at io.netty.util.HashedWheelTimer$Worker.run(HashedWheelTimer.java:472)
	... 2 common frames omitted
2020-04-10 17:54:56.677 [Test worker] ERROR o.springframework.test.context.TestContextManager - Caught exception while allowing TestExecutionListener [org.springframework.test.context.web.ServletTestExecutionListener@4d525f64] to prepare test instance [com.example.demo.ServiceProviderApplicationTests@43393be9]
java.lang.IllegalStateException: Failed to load ApplicationContext
	at org.springframework.test.context.cache.DefaultCacheAwareContextLoaderDelegate.loadContext(DefaultCacheAwareContextLoaderDelegate.java:132)
	at org.springframework.test.context.support.DefaultTestContext.getApplicationContext(DefaultTestContext.java:123)
	at org.springframework.test.context.web.ServletTestExecutionListener.setUpRequestContextIfNecessary(ServletTestExecutionListener.java:190)
	at org.springframework.test.context.web.ServletTestExecutionListener.prepareTestInstance(ServletTestExecutionListener.java:132)
	at org.springframework.test.context.TestContextManager.prepareTestInstance(TestContextManager.java:244)
	at org.springframework.test.context.junit.jupiter.SpringExtension.postProcessTestInstance(SpringExtension.java:98)
	at org.junit.jupiter.engine.descriptor.ClassBasedTestDescriptor.lambda$invokeTestInstancePostProcessors$5(ClassBasedTestDescriptor.java:337)
	at org.junit.jupiter.engine.descriptor.ClassBasedTestDescriptor.executeAndMaskThrowable(ClassBasedTestDescriptor.java:342)
	at org.junit.jupiter.engine.descriptor.ClassBasedTestDescriptor.lambda$invokeTestInstancePostProcessors$6(ClassBasedTestDescriptor.java:337)
	at java.util.stream.ReferencePipeline$3$1.accept(ReferencePipeline.java:193)
	at java.util.stream.ReferencePipeline$2$1.accept(ReferencePipeline.java:175)
	at java.util.ArrayList$ArrayListSpliterator.forEachRemaining(ArrayList.java:1382)
	at java.util.stream.AbstractPipeline.copyInto(AbstractPipeline.java:481)
	at java.util.stream.AbstractPipeline.wrapAndCopyInto(AbstractPipeline.java:471)
	at java.util.stream.StreamSpliterators$WrappingSpliterator.forEachRemaining(StreamSpliterators.java:312)
	at java.util.stream.Streams$ConcatSpliterator.forEachRemaining(Streams.java:743)
	at java.util.stream.Streams$ConcatSpliterator.forEachRemaining(Streams.java:742)
	at java.util.stream.ReferencePipeline$Head.forEach(ReferencePipeline.java:580)
	at org.junit.jupiter.engine.descriptor.ClassBasedTestDescriptor.invokeTestInstancePostProcessors(ClassBasedTestDescriptor.java:336)
	at org.junit.jupiter.engine.descriptor.ClassBasedTestDescriptor.instantiateAndPostProcessTestInstance(ClassBasedTestDescriptor.java:259)
	at org.junit.jupiter.engine.descriptor.ClassBasedTestDescriptor.lambda$testInstancesProvider$2(ClassBasedTestDescriptor.java:252)
	at java.util.Optional.orElseGet(Optional.java:267)
	at org.junit.jupiter.engine.descriptor.ClassBasedTestDescriptor.lambda$testInstancesProvider$3(ClassBasedTestDescriptor.java:251)
	at org.junit.jupiter.engine.execution.TestInstancesProvider.getTestInstances(TestInstancesProvider.java:29)
	at org.junit.jupiter.engine.descriptor.TestMethodTestDescriptor.lambda$prepare$0(TestMethodTestDescriptor.java:106)
	at org.junit.platform.engine.support.hierarchical.ThrowableCollector.execute(ThrowableCollector.java:73)
	at org.junit.jupiter.engine.descriptor.TestMethodTestDescriptor.prepare(TestMethodTestDescriptor.java:105)
	at org.junit.jupiter.engine.descriptor.TestMethodTestDescriptor.prepare(TestMethodTestDescriptor.java:69)
	at org.junit.platform.engine.support.hierarchical.NodeTestTask.lambda$prepare$1(NodeTestTask.java:107)
	at org.junit.platform.engine.support.hierarchical.ThrowableCollector.execute(ThrowableCollector.java:73)
	at org.junit.platform.engine.support.hierarchical.NodeTestTask.prepare(NodeTestTask.java:107)
	at org.junit.platform.engine.support.hierarchical.NodeTestTask.execute(NodeTestTask.java:75)
	at java.util.ArrayList.forEach(ArrayList.java:1257)
	at org.junit.platform.engine.support.hierarchical.SameThreadHierarchicalTestExecutorService.invokeAll(SameThreadHierarchicalTestExecutorService.java:38)
	at org.junit.platform.engine.support.hierarchical.NodeTestTask.lambda$executeRecursively$5(NodeTestTask.java:139)
	at org.junit.platform.engine.support.hierarchical.ThrowableCollector.execute(ThrowableCollector.java:73)
	at org.junit.platform.engine.support.hierarchical.NodeTestTask.lambda$executeRecursively$7(NodeTestTask.java:125)
	at org.junit.platform.engine.support.hierarchical.Node.around(Node.java:135)
	at org.junit.platform.engine.support.hierarchical.NodeTestTask.lambda$executeRecursively$8(NodeTestTask.java:123)
	at org.junit.platform.engine.support.hierarchical.ThrowableCollector.execute(ThrowableCollector.java:73)
	at org.junit.platform.engine.support.hierarchical.NodeTestTask.executeRecursively(NodeTestTask.java:122)
	at org.junit.platform.engine.support.hierarchical.NodeTestTask.execute(NodeTestTask.java:80)
	at java.util.ArrayList.forEach(ArrayList.java:1257)
	at org.junit.platform.engine.support.hierarchical.SameThreadHierarchicalTestExecutorService.invokeAll(SameThreadHierarchicalTestExecutorService.java:38)
	at org.junit.platform.engine.support.hierarchical.NodeTestTask.lambda$executeRecursively$5(NodeTestTask.java:139)
	at org.junit.platform.engine.support.hierarchical.ThrowableCollector.execute(ThrowableCollector.java:73)
	at org.junit.platform.engine.support.hierarchical.NodeTestTask.lambda$executeRecursively$7(NodeTestTask.java:125)
	at org.junit.platform.engine.support.hierarchical.Node.around(Node.java:135)
	at org.junit.platform.engine.support.hierarchical.NodeTestTask.lambda$executeRecursively$8(NodeTestTask.java:123)
	at org.junit.platform.engine.support.hierarchical.ThrowableCollector.execute(ThrowableCollector.java:73)
	at org.junit.platform.engine.support.hierarchical.NodeTestTask.executeRecursively(NodeTestTask.java:122)
	at org.junit.platform.engine.support.hierarchical.NodeTestTask.execute(NodeTestTask.java:80)
	at org.junit.platform.engine.support.hierarchical.SameThreadHierarchicalTestExecutorService.submit(SameThreadHierarchicalTestExecutorService.java:32)
	at org.junit.platform.engine.support.hierarchical.HierarchicalTestExecutor.execute(HierarchicalTestExecutor.java:57)
	at org.junit.platform.engine.support.hierarchical.HierarchicalTestEngine.execute(HierarchicalTestEngine.java:51)
	at org.junit.platform.launcher.core.DefaultLauncher.execute(DefaultLauncher.java:220)
	at org.junit.platform.launcher.core.DefaultLauncher.lambda$execute$6(DefaultLauncher.java:188)
	at org.junit.platform.launcher.core.DefaultLauncher.withInterceptedStreams(DefaultLauncher.java:202)
	at org.junit.platform.launcher.core.DefaultLauncher.execute(DefaultLauncher.java:181)
	at org.junit.platform.launcher.core.DefaultLauncher.execute(DefaultLauncher.java:128)
	at org.gradle.api.internal.tasks.testing.junitplatform.JUnitPlatformTestClassProcessor$CollectAllTestClassesExecutor.processAllTestClasses(JUnitPlatformTestClassProcessor.java:99)
	at org.gradle.api.internal.tasks.testing.junitplatform.JUnitPlatformTestClassProcessor$CollectAllTestClassesExecutor.access$000(JUnitPlatformTestClassProcessor.java:79)
	at org.gradle.api.internal.tasks.testing.junitplatform.JUnitPlatformTestClassProcessor.stop(JUnitPlatformTestClassProcessor.java:75)
	at org.gradle.api.internal.tasks.testing.SuiteTestClassProcessor.stop(SuiteTestClassProcessor.java:61)
	at sun.reflect.NativeMethodAccessorImpl.invoke0(Native Method)
	at sun.reflect.NativeMethodAccessorImpl.invoke(NativeMethodAccessorImpl.java:62)
	at sun.reflect.DelegatingMethodAccessorImpl.invoke(DelegatingMethodAccessorImpl.java:43)
	at java.lang.reflect.Method.invoke(Method.java:498)
	at org.gradle.internal.dispatch.ReflectionDispatch.dispatch(ReflectionDispatch.java:36)
	at org.gradle.internal.dispatch.ReflectionDispatch.dispatch(ReflectionDispatch.java:24)
	at org.gradle.internal.dispatch.ContextClassLoaderDispatch.dispatch(ContextClassLoaderDispatch.java:33)
	at org.gradle.internal.dispatch.ProxyDispatchAdapter$DispatchingInvocationHandler.invoke(ProxyDispatchAdapter.java:94)
	at com.sun.proxy.$Proxy2.stop(Unknown Source)
	at org.gradle.api.internal.tasks.testing.worker.TestWorker.stop(TestWorker.java:132)
	at sun.reflect.NativeMethodAccessorImpl.invoke0(Native Method)
	at sun.reflect.NativeMethodAccessorImpl.invoke(NativeMethodAccessorImpl.java:62)
	at sun.reflect.DelegatingMethodAccessorImpl.invoke(DelegatingMethodAccessorImpl.java:43)
	at java.lang.reflect.Method.invoke(Method.java:498)
	at org.gradle.internal.dispatch.ReflectionDispatch.dispatch(ReflectionDispatch.java:36)
	at org.gradle.internal.dispatch.ReflectionDispatch.dispatch(ReflectionDispatch.java:24)
	at org.gradle.internal.remote.internal.hub.MessageHubBackedObjectConnection$DispatchWrapper.dispatch(MessageHubBackedObjectConnection.java:182)
	at org.gradle.internal.remote.internal.hub.MessageHubBackedObjectConnection$DispatchWrapper.dispatch(MessageHubBackedObjectConnection.java:164)
	at org.gradle.internal.remote.internal.hub.MessageHub$Handler.run(MessageHub.java:412)
	at org.gradle.internal.concurrent.ExecutorPolicy$CatchAndRecordFailures.onExecute(ExecutorPolicy.java:64)
	at org.gradle.internal.concurrent.ManagedExecutorImpl$1.run(ManagedExecutorImpl.java:48)
	at java.util.concurrent.ThreadPoolExecutor.runWorker(ThreadPoolExecutor.java:1149)
	at java.util.concurrent.ThreadPoolExecutor$Worker.run(ThreadPoolExecutor.java:624)
	at org.gradle.internal.concurrent.ThreadFactoryImpl$ManagedThreadRunnable.run(ThreadFactoryImpl.java:56)
	at java.lang.Thread.run(Thread.java:748)
Caused by: org.springframework.beans.factory.UnsatisfiedDependencyException: Error creating bean with name 'distributedLockerImpl': Unsatisfied dependency expressed through field 'redissonClient'; nested exception is org.springframework.beans.factory.BeanCreationException: Error creating bean with name 'getRedisson' defined in class path resource [com/example/demo/common/lock/redisson/RedissonConfig.class]: Bean instantiation via factory method failed; nested exception is org.springframework.beans.BeanInstantiationException: Failed to instantiate [org.redisson.api.RedissonClient]: Factory method 'getRedisson' threw exception; nested exception is org.redisson.client.RedisConnectionException: Unable to connect to Redis server: 192.168.56.22/192.168.56.22:6379
	at org.springframework.beans.factory.annotation.AutowiredAnnotationBeanPostProcessor$AutowiredFieldElement.inject(AutowiredAnnotationBeanPostProcessor.java:643)
	at org.springframework.beans.factory.annotation.InjectionMetadata.inject(InjectionMetadata.java:130)
	at org.springframework.beans.factory.annotation.AutowiredAnnotationBeanPostProcessor.postProcessProperties(AutowiredAnnotationBeanPostProcessor.java:399)
	at org.springframework.beans.factory.support.AbstractAutowireCapableBeanFactory.populateBean(AbstractAutowireCapableBeanFactory.java:1422)
	at org.springframework.beans.factory.support.AbstractAutowireCapableBeanFactory.doCreateBean(AbstractAutowireCapableBeanFactory.java:594)
	at org.springframework.beans.factory.support.AbstractAutowireCapableBeanFactory.createBean(AbstractAutowireCapableBeanFactory.java:517)
	at org.springframework.beans.factory.support.AbstractBeanFactory.lambda$doGetBean$0(AbstractBeanFactory.java:323)
	at org.springframework.beans.factory.support.DefaultSingletonBeanRegistry.getSingleton(DefaultSingletonBeanRegistry.java:222)
	at org.springframework.beans.factory.support.AbstractBeanFactory.doGetBean(AbstractBeanFactory.java:321)
	at org.springframework.beans.factory.support.AbstractBeanFactory.getBean(AbstractBeanFactory.java:202)
	at org.springframework.beans.factory.support.DefaultListableBeanFactory.preInstantiateSingletons(DefaultListableBeanFactory.java:879)
	at org.springframework.context.support.AbstractApplicationContext.finishBeanFactoryInitialization(AbstractApplicationContext.java:878)
	at org.springframework.context.support.AbstractApplicationContext.refresh(AbstractApplicationContext.java:550)
	at org.springframework.boot.SpringApplication.refresh(SpringApplication.java:747)
	at org.springframework.boot.SpringApplication.refreshContext(SpringApplication.java:397)
	at org.springframework.boot.SpringApplication.run(SpringApplication.java:315)
	at org.springframework.boot.test.context.SpringBootContextLoader.loadContext(SpringBootContextLoader.java:126)
	at org.springframework.test.context.cache.DefaultCacheAwareContextLoaderDelegate.loadContextInternal(DefaultCacheAwareContextLoaderDelegate.java:99)
	at org.springframework.test.context.cache.DefaultCacheAwareContextLoaderDelegate.loadContext(DefaultCacheAwareContextLoaderDelegate.java:124)
	... 88 common frames omitted
Caused by: org.springframework.beans.factory.BeanCreationException: Error creating bean with name 'getRedisson' defined in class path resource [com/example/demo/common/lock/redisson/RedissonConfig.class]: Bean instantiation via factory method failed; nested exception is org.springframework.beans.BeanInstantiationException: Failed to instantiate [org.redisson.api.RedissonClient]: Factory method 'getRedisson' threw exception; nested exception is org.redisson.client.RedisConnectionException: Unable to connect to Redis server: 192.168.56.22/192.168.56.22:6379
	at org.springframework.beans.factory.support.ConstructorResolver.instantiate(ConstructorResolver.java:656)
	at org.springframework.beans.factory.support.ConstructorResolver.instantiateUsingFactoryMethod(ConstructorResolver.java:484)
	at org.springframework.beans.factory.support.AbstractAutowireCapableBeanFactory.instantiateUsingFactoryMethod(AbstractAutowireCapableBeanFactory.java:1338)
	at org.springframework.beans.factory.support.AbstractAutowireCapableBeanFactory.createBeanInstance(AbstractAutowireCapableBeanFactory.java:1177)
	at org.springframework.beans.factory.support.AbstractAutowireCapableBeanFactory.doCreateBean(AbstractAutowireCapableBeanFactory.java:557)
	at org.springframework.beans.factory.support.AbstractAutowireCapableBeanFactory.createBean(AbstractAutowireCapableBeanFactory.java:517)
	at org.springframework.beans.factory.support.AbstractBeanFactory.lambda$doGetBean$0(AbstractBeanFactory.java:323)
	at org.springframework.beans.factory.support.DefaultSingletonBeanRegistry.getSingleton(DefaultSingletonBeanRegistry.java:222)
	at org.springframework.beans.factory.support.AbstractBeanFactory.doGetBean(AbstractBeanFactory.java:321)
	at org.springframework.beans.factory.support.AbstractBeanFactory.getBean(AbstractBeanFactory.java:202)
	at org.springframework.beans.factory.config.DependencyDescriptor.resolveCandidate(DependencyDescriptor.java:276)
	at org.springframework.beans.factory.support.DefaultListableBeanFactory.doResolveDependency(DefaultListableBeanFactory.java:1287)
	at org.springframework.beans.factory.support.DefaultListableBeanFactory.resolveDependency(DefaultListableBeanFactory.java:1207)
	at org.springframework.beans.factory.annotation.AutowiredAnnotationBeanPostProcessor$AutowiredFieldElement.inject(AutowiredAnnotationBeanPostProcessor.java:640)
	... 106 common frames omitted
Caused by: org.springframework.beans.BeanInstantiationException: Failed to instantiate [org.redisson.api.RedissonClient]: Factory method 'getRedisson' threw exception; nested exception is org.redisson.client.RedisConnectionException: Unable to connect to Redis server: 192.168.56.22/192.168.56.22:6379
	at org.springframework.beans.factory.support.SimpleInstantiationStrategy.instantiate(SimpleInstantiationStrategy.java:185)
	at org.springframework.beans.factory.support.ConstructorResolver.instantiate(ConstructorResolver.java:651)
	... 119 common frames omitted
Caused by: org.redisson.client.RedisConnectionException: Unable to connect to Redis server: 192.168.56.22/192.168.56.22:6379
	at org.redisson.connection.pool.ConnectionPool$1.lambda$run$0(ConnectionPool.java:160)
	at org.redisson.misc.RedissonPromise.lambda$onComplete$0(RedissonPromise.java:183)
	at io.netty.util.concurrent.DefaultPromise.notifyListener0(DefaultPromise.java:577)
	at io.netty.util.concurrent.DefaultPromise.notifyListenersNow(DefaultPromise.java:551)
	at io.netty.util.concurrent.DefaultPromise.notifyListeners(DefaultPromise.java:490)
	at io.netty.util.concurrent.DefaultPromise.setValue0(DefaultPromise.java:615)
	at io.netty.util.concurrent.DefaultPromise.setFailure0(DefaultPromise.java:608)
	at io.netty.util.concurrent.DefaultPromise.tryFailure(DefaultPromise.java:117)
	at org.redisson.misc.RedissonPromise.tryFailure(RedissonPromise.java:96)
	at org.redisson.connection.pool.ConnectionPool.promiseFailure(ConnectionPool.java:330)
	at org.redisson.connection.pool.ConnectionPool.lambda$createConnection$1(ConnectionPool.java:296)
	at org.redisson.misc.RedissonPromise.lambda$onComplete$0(RedissonPromise.java:183)
	at io.netty.util.concurrent.DefaultPromise.notifyListener0(DefaultPromise.java:577)
	at io.netty.util.concurrent.DefaultPromise.notifyListeners0(DefaultPromise.java:570)
	at io.netty.util.concurrent.DefaultPromise.notifyListenersNow(DefaultPromise.java:549)
	at io.netty.util.concurrent.DefaultPromise.notifyListeners(DefaultPromise.java:490)
	at io.netty.util.concurrent.DefaultPromise.setValue0(DefaultPromise.java:615)
	at io.netty.util.concurrent.DefaultPromise.setFailure0(DefaultPromise.java:608)
	at io.netty.util.concurrent.DefaultPromise.tryFailure(DefaultPromise.java:117)
	at org.redisson.misc.RedissonPromise.tryFailure(RedissonPromise.java:96)
	at org.redisson.client.RedisClient$2$1.run(RedisClient.java:240)
	at io.netty.util.concurrent.AbstractEventExecutor.safeExecute(AbstractEventExecutor.java:164)
	at io.netty.util.concurrent.SingleThreadEventExecutor.runAllTasks(SingleThreadEventExecutor.java:472)
	at io.netty.channel.nio.NioEventLoop.run(NioEventLoop.java:500)
	at io.netty.util.concurrent.SingleThreadEventExecutor$4.run(SingleThreadEventExecutor.java:989)
	at io.netty.util.internal.ThreadExecutorMap$2.run(ThreadExecutorMap.java:74)
	at io.netty.util.concurrent.FastThreadLocalRunnable.run(FastThreadLocalRunnable.java:30)
	... 1 common frames omitted
Caused by: org.redisson.client.RedisTimeoutException: Command execution timeout for command: (AUTH), params: (password masked), Redis client: [addr=redis://192.168.56.22:6379]
	at org.redisson.client.RedisConnection.lambda$async$1(RedisConnection.java:207)
	at io.netty.util.HashedWheelTimer$HashedWheelTimeout.expire(HashedWheelTimer.java:672)
	at io.netty.util.HashedWheelTimer$HashedWheelBucket.expireTimeouts(HashedWheelTimer.java:747)
	at io.netty.util.HashedWheelTimer$Worker.run(HashedWheelTimer.java:472)
	... 2 common frames omitted
2020-04-10 18:17:57.369 [Test worker] INFO  o.s.c.s.PostProcessorRegistrationDelegate$BeanPostProcessorChecker - Bean 'org.springframework.retry.annotation.RetryConfiguration' of type [org.springframework.retry.annotation.RetryConfiguration$$EnhancerBySpringCGLIB$$eabd2600] is not eligible for getting processed by all BeanPostProcessors (for example: not eligible for auto-proxying)
2020-04-10 18:18:04.235 [Test worker] INFO  o.s.c.c.client.ConfigServicePropertySourceLocator - Fetching config from server at : http://192.168.56.1:8010/
2020-04-10 18:18:06.757 [Test worker] INFO  o.s.c.c.client.ConfigServicePropertySourceLocator - Located environment: name=demo-service-provider, profiles=[dev], label=master, version=null, state=null
2020-04-10 18:18:06.762 [Test worker] INFO  o.s.c.b.c.PropertySourceBootstrapConfiguration - Located property source: [BootstrapPropertySource {name='bootstrapProperties-demo-service-provider-dev'}]
2020-04-10 18:18:08.943 [Test worker] INFO  com.example.demo.ServiceProviderApplicationTests - The following profiles are active: dev
2020-04-10 18:18:11.048 [Test worker] WARN  o.springframework.boot.actuate.endpoint.EndpointId - Endpoint ID 'bus-env' contains invalid characters, please migrate to a valid format.
2020-04-10 18:18:11.791 [Test worker] WARN  o.springframework.boot.actuate.endpoint.EndpointId - Endpoint ID 'bus-refresh' contains invalid characters, please migrate to a valid format.
2020-04-10 18:18:11.951 [Test worker] WARN  o.springframework.boot.actuate.endpoint.EndpointId - Endpoint ID 'service-registry' contains invalid characters, please migrate to a valid format.
2020-04-10 18:18:12.646 [Test worker] INFO  o.springframework.cloud.context.scope.GenericScope - BeanFactory id=dd62e348-20eb-3153-b64c-8d1ed9696e14
2020-04-10 18:18:13.230 [Test worker] INFO  o.s.i.c.DefaultConfiguringBeanFactoryPostProcessor - No bean named 'errorChannel' has been explicitly defined. Therefore, a default PublishSubscribeChannel will be created.
2020-04-10 18:18:13.245 [Test worker] INFO  o.s.i.c.DefaultConfiguringBeanFactoryPostProcessor - No bean named 'taskScheduler' has been explicitly defined. Therefore, a default ThreadPoolTaskScheduler will be created.
2020-04-10 18:18:13.269 [Test worker] INFO  o.s.i.c.DefaultConfiguringBeanFactoryPostProcessor - No bean named 'integrationHeaderChannelRegistry' has been explicitly defined. Therefore, a default DefaultHeaderChannelRegistry will be created.
2020-04-10 18:18:13.589 [Test worker] INFO  o.s.c.s.PostProcessorRegistrationDelegate$BeanPostProcessorChecker - Bean 'org.springframework.retry.annotation.RetryConfiguration' of type [org.springframework.retry.annotation.RetryConfiguration$$EnhancerBySpringCGLIB$$eabd2600] is not eligible for getting processed by all BeanPostProcessors (for example: not eligible for auto-proxying)
2020-04-10 18:18:14.388 [Test worker] INFO  o.s.c.s.PostProcessorRegistrationDelegate$BeanPostProcessorChecker - Bean 'integrationChannelResolver' of type [org.springframework.integration.support.channel.BeanFactoryChannelResolver] is not eligible for getting processed by all BeanPostProcessors (for example: not eligible for auto-proxying)
2020-04-10 18:18:14.407 [Test worker] INFO  o.s.c.s.PostProcessorRegistrationDelegate$BeanPostProcessorChecker - Bean 'integrationDisposableAutoCreatedBeans' of type [org.springframework.integration.config.annotation.Disposables] is not eligible for getting processed by all BeanPostProcessors (for example: not eligible for auto-proxying)
2020-04-10 18:18:14.563 [Test worker] INFO  o.s.c.s.PostProcessorRegistrationDelegate$BeanPostProcessorChecker - Bean 'org.springframework.integration.config.IntegrationManagementConfiguration' of type [org.springframework.integration.config.IntegrationManagementConfiguration] is not eligible for getting processed by all BeanPostProcessors (for example: not eligible for auto-proxying)
2020-04-10 18:18:15.401 [Test worker] INFO  org.redisson.Version - Redisson 3.12.3
2020-04-10 18:18:17.580 [redisson-netty-2-5] INFO  o.r.connection.pool.MasterPubSubConnectionPool - 1 connections initialized for 192.168.56.22/192.168.56.22:6379
2020-04-10 18:18:17.578 [redisson-netty-2-29] INFO  org.redisson.connection.pool.MasterConnectionPool - 24 connections initialized for 192.168.56.22/192.168.56.22:6379
2020-04-10 18:18:21.397 [Test worker] WARN  com.netflix.config.sources.URLConfigurationSource - No URLs will be polled as dynamic configuration sources.
2020-04-10 18:18:21.398 [Test worker] INFO  com.netflix.config.sources.URLConfigurationSource - To enable URLs as dynamic configuration sources, define System property archaius.configurationSource.additionalUrls or make config.properties available on classpath.
2020-04-10 18:18:21.581 [Test worker] INFO  com.netflix.config.DynamicPropertyFactory - DynamicPropertyFactory is initialized with configuration sources: com.netflix.config.ConcurrentCompositeConfiguration@1966ee8e
2020-04-10 18:18:25.918 [Test worker] INFO  o.s.scheduling.concurrent.ThreadPoolTaskScheduler - Initializing ExecutorService 'taskScheduler'
2020-04-10 18:18:26.247 [Test worker] INFO  o.s.b.actuate.endpoint.web.EndpointLinksResolver - Exposing 25 endpoint(s) beneath base path '/actuator'
2020-04-10 18:18:27.449 [Test worker] INFO  s.d.s.w.PropertySourcedRequestMappingHandlerMapping - Mapped URL path [/v2/api-docs] onto method [springfox.documentation.swagger2.web.Swagger2Controller#getDocumentation(String, HttpServletRequest)]
2020-04-10 18:18:27.963 [Test worker] WARN  com.netflix.config.sources.URLConfigurationSource - No URLs will be polled as dynamic configuration sources.
2020-04-10 18:18:27.964 [Test worker] INFO  com.netflix.config.sources.URLConfigurationSource - To enable URLs as dynamic configuration sources, define System property archaius.configurationSource.additionalUrls or make config.properties available on classpath.
2020-04-10 18:18:29.100 [Test worker] INFO  o.s.scheduling.concurrent.ThreadPoolTaskExecutor - Initializing ExecutorService 'applicationTaskExecutor'
2020-04-10 18:18:30.086 [Test worker] INFO  o.s.c.s.f.FunctionConfiguration$FunctionBindingRegistrar - Functional binding is disabled due to the presense of @EnableBinding annotation in your configuration
2020-04-10 18:18:31.229 [Test worker] WARN  o.s.c.l.c.BlockingLoadBalancerClientAutoConfiguration$BlockingLoadBalancerClientRibbonWarnLogger - You already have RibbonLoadBalancerClient on your classpath. It will be used by default. As Spring Cloud Ribbon is in maintenance mode. We recommend switching to BlockingLoadBalancerClient instead. In order to use it, set the value of `spring.cloud.loadbalancer.ribbon.enabled` to `false` or remove spring-cloud-starter-netflix-ribbon from your project.
2020-04-10 18:18:32.983 [Test worker] INFO  o.s.scheduling.concurrent.ThreadPoolTaskScheduler - Initializing ExecutorService 'catalogWatchTaskScheduler'
2020-04-10 18:18:34.251 [Test worker] INFO  o.s.c.stream.messaging.DirectWithAttributesChannel - Channel 'demo-service-provider-1.springCloudBusInput' has 1 subscriber(s).
2020-04-10 18:18:34.252 [Test worker] INFO  o.s.c.stream.messaging.DirectWithAttributesChannel - Channel 'demo-service-provider-1.myMessageOut' has 1 subscriber(s).
2020-04-10 18:18:34.253 [Test worker] INFO  o.s.c.stream.messaging.DirectWithAttributesChannel - Channel 'demo-service-provider-1.myMessageIn' has 1 subscriber(s).
2020-04-10 18:18:34.369 [Test worker] INFO  o.s.integration.endpoint.EventDrivenConsumer - Adding {logging-channel-adapter:_org.springframework.integration.errorLogger} as a subscriber to the 'errorChannel' channel
2020-04-10 18:18:34.370 [Test worker] INFO  o.s.integration.channel.PublishSubscribeChannel - Channel 'demo-service-provider-1.errorChannel' has 1 subscriber(s).
2020-04-10 18:18:34.370 [Test worker] INFO  o.s.integration.endpoint.EventDrivenConsumer - started bean '_org.springframework.integration.errorLogger'
2020-04-10 18:18:36.813 [Test worker] INFO  o.s.c.c.client.ConfigServicePropertySourceLocator - Fetching config from server at : http://192.168.56.1:8010/
2020-04-10 18:18:36.915 [Test worker] INFO  o.s.c.c.client.ConfigServicePropertySourceLocator - Located environment: name=demo-service-provider, profiles=[dev], label=master, version=null, state=null
2020-04-10 18:18:36.916 [Test worker] INFO  o.s.c.b.c.PropertySourceBootstrapConfiguration - Located property source: [BootstrapPropertySource {name='bootstrapProperties-demo-service-provider-dev'}]
2020-04-10 18:18:39.401 [Test worker] INFO  o.s.a.rabbit.connection.CachingConnectionFactory - Attempting to connect to: [192.168.56.26:5672]
2020-04-10 18:18:39.465 [Test worker] INFO  o.s.a.rabbit.connection.CachingConnectionFactory - Created new connection: rabbitConnectionFactory#190fb784:0/SimpleConnection@66cee0bd [delegate=amqp://rabbit@192.168.56.26:5672/, localPort= 64152]
2020-04-10 18:18:39.674 [Test worker] INFO  o.s.c.stream.messaging.DirectWithAttributesChannel - Channel 'demo-service-provider-1.springCloudBusOutput' has 1 subscriber(s).
2020-04-10 18:18:39.789 [Test worker] INFO  o.s.c.s.b.r.p.RabbitExchangeQueueProvisioner - declaring queue for inbound: myMessageIn.anonymous.oiqc2Jm5TeqlMr4ySY0eAw, bound to: myMessageIn
2020-04-10 18:18:39.842 [Test worker] INFO  o.s.cloud.stream.binder.BinderErrorChannel - Channel 'myMessageIn.anonymous.oiqc2Jm5TeqlMr4ySY0eAw.errors' has 1 subscriber(s).
2020-04-10 18:18:39.845 [Test worker] INFO  o.s.cloud.stream.binder.BinderErrorChannel - Channel 'myMessageIn.anonymous.oiqc2Jm5TeqlMr4ySY0eAw.errors' has 2 subscriber(s).
2020-04-10 18:18:39.893 [Test worker] INFO  o.s.i.amqp.inbound.AmqpInboundChannelAdapter - started bean 'inbound.myMessageIn.anonymous.oiqc2Jm5TeqlMr4ySY0eAw'
2020-04-10 18:18:39.910 [Test worker] INFO  o.s.c.s.b.r.p.RabbitExchangeQueueProvisioner - declaring queue for inbound: springCloudBus.anonymous.jiLfRxZMRyar9d2cMUQd6g, bound to: springCloudBus
2020-04-10 18:18:39.922 [Test worker] INFO  o.s.cloud.stream.binder.BinderErrorChannel - Channel 'springCloudBus.anonymous.jiLfRxZMRyar9d2cMUQd6g.errors' has 1 subscriber(s).
2020-04-10 18:18:39.922 [Test worker] INFO  o.s.cloud.stream.binder.BinderErrorChannel - Channel 'springCloudBus.anonymous.jiLfRxZMRyar9d2cMUQd6g.errors' has 2 subscriber(s).
2020-04-10 18:18:39.929 [Test worker] INFO  o.s.i.amqp.inbound.AmqpInboundChannelAdapter - started bean 'inbound.springCloudBus.anonymous.jiLfRxZMRyar9d2cMUQd6g'
2020-04-10 18:18:39.930 [Test worker] INFO  s.d.s.web.plugins.DocumentationPluginsBootstrapper - Context refreshed
2020-04-10 18:18:39.977 [Test worker] INFO  s.d.s.web.plugins.DocumentationPluginsBootstrapper - Found 1 custom documentation plugin(s)
2020-04-10 18:18:40.111 [Test worker] INFO  s.d.spring.web.scanners.ApiListingReferenceScanner - Scanning for api listing references
2020-04-10 18:18:40.465 [Test worker] INFO  s.d.s.w.r.operation.CachingOperationNameGenerator - Generating unique operation named: helloUsingGET_1
2020-04-10 18:18:40.494 [Test worker] INFO  s.d.s.w.r.operation.CachingOperationNameGenerator - Generating unique operation named: returnUserByPostUsingPOST_1
2020-04-10 18:18:40.512 [Test worker] INFO  s.d.s.w.r.operation.CachingOperationNameGenerator - Generating unique operation named: handleUsingGET_1
2020-04-10 18:18:40.519 [Test worker] INFO  s.d.s.w.r.operation.CachingOperationNameGenerator - Generating unique operation named: handleUsingGET_2
2020-04-10 18:18:40.524 [Test worker] INFO  s.d.s.w.r.operation.CachingOperationNameGenerator - Generating unique operation named: handleUsingGET_3
2020-04-10 18:18:40.528 [Test worker] INFO  s.d.s.w.r.operation.CachingOperationNameGenerator - Generating unique operation named: handleUsingPOST_1
2020-04-10 18:18:40.531 [Test worker] INFO  s.d.s.w.r.operation.CachingOperationNameGenerator - Generating unique operation named: handleUsingPOST_2
2020-04-10 18:18:40.557 [Test worker] INFO  s.d.s.w.r.operation.CachingOperationNameGenerator - Generating unique operation named: handleUsingPOST_3
2020-04-10 18:18:40.561 [Test worker] INFO  s.d.s.w.r.operation.CachingOperationNameGenerator - Generating unique operation named: handleUsingPOST_4
2020-04-10 18:18:40.564 [Test worker] INFO  s.d.s.w.r.operation.CachingOperationNameGenerator - Generating unique operation named: handleUsingGET_4
2020-04-10 18:18:40.571 [Test worker] INFO  s.d.s.w.r.operation.CachingOperationNameGenerator - Generating unique operation named: handleUsingGET_5
2020-04-10 18:18:40.575 [Test worker] INFO  s.d.s.w.r.operation.CachingOperationNameGenerator - Generating unique operation named: handleUsingDELETE_1
2020-04-10 18:18:40.579 [Test worker] INFO  s.d.s.w.r.operation.CachingOperationNameGenerator - Generating unique operation named: handleUsingGET_6
2020-04-10 18:18:40.582 [Test worker] INFO  s.d.s.w.r.operation.CachingOperationNameGenerator - Generating unique operation named: handleUsingGET_7
2020-04-10 18:18:40.585 [Test worker] INFO  s.d.s.w.r.operation.CachingOperationNameGenerator - Generating unique operation named: handleUsingGET_8
2020-04-10 18:18:40.588 [Test worker] INFO  s.d.s.w.r.operation.CachingOperationNameGenerator - Generating unique operation named: handleUsingGET_9
2020-04-10 18:18:40.591 [Test worker] INFO  s.d.s.w.r.operation.CachingOperationNameGenerator - Generating unique operation named: handleUsingGET_10
2020-04-10 18:18:40.595 [Test worker] INFO  s.d.s.w.r.operation.CachingOperationNameGenerator - Generating unique operation named: handleUsingGET_11
2020-04-10 18:18:40.599 [Test worker] INFO  s.d.s.w.r.operation.CachingOperationNameGenerator - Generating unique operation named: handleUsingGET_12
2020-04-10 18:18:40.602 [Test worker] INFO  s.d.s.w.r.operation.CachingOperationNameGenerator - Generating unique operation named: handleUsingGET_13
2020-04-10 18:18:40.605 [Test worker] INFO  s.d.s.w.r.operation.CachingOperationNameGenerator - Generating unique operation named: handleUsingGET_14
2020-04-10 18:18:40.608 [Test worker] INFO  s.d.s.w.r.operation.CachingOperationNameGenerator - Generating unique operation named: handleUsingGET_15
2020-04-10 18:18:40.611 [Test worker] INFO  s.d.s.w.r.operation.CachingOperationNameGenerator - Generating unique operation named: handleUsingGET_16
2020-04-10 18:18:40.614 [Test worker] INFO  s.d.s.w.r.operation.CachingOperationNameGenerator - Generating unique operation named: handleUsingGET_17
2020-04-10 18:18:40.619 [Test worker] INFO  s.d.s.w.r.operation.CachingOperationNameGenerator - Generating unique operation named: handleUsingPOST_5
2020-04-10 18:18:40.622 [Test worker] INFO  s.d.s.w.r.operation.CachingOperationNameGenerator - Generating unique operation named: handleUsingGET_18
2020-04-10 18:18:40.625 [Test worker] INFO  s.d.s.w.r.operation.CachingOperationNameGenerator - Generating unique operation named: handleUsingPOST_6
2020-04-10 18:18:40.628 [Test worker] INFO  s.d.s.w.r.operation.CachingOperationNameGenerator - Generating unique operation named: handleUsingGET_19
2020-04-10 18:18:40.631 [Test worker] INFO  s.d.s.w.r.operation.CachingOperationNameGenerator - Generating unique operation named: handleUsingGET_20
2020-04-10 18:18:40.635 [Test worker] INFO  s.d.s.w.r.operation.CachingOperationNameGenerator - Generating unique operation named: handleUsingGET_21
2020-04-10 18:18:40.638 [Test worker] INFO  s.d.s.w.r.operation.CachingOperationNameGenerator - Generating unique operation named: handleUsingGET_22
2020-04-10 18:18:40.642 [Test worker] INFO  s.d.s.w.r.operation.CachingOperationNameGenerator - Generating unique operation named: handleUsingGET_23
2020-04-10 18:18:40.645 [Test worker] INFO  s.d.s.w.r.operation.CachingOperationNameGenerator - Generating unique operation named: handleUsingPOST_7
2020-04-10 18:18:40.649 [Test worker] INFO  s.d.s.w.r.operation.CachingOperationNameGenerator - Generating unique operation named: handleUsingGET_24
2020-04-10 18:18:40.651 [Test worker] INFO  s.d.s.w.r.operation.CachingOperationNameGenerator - Generating unique operation named: handleUsingPOST_8
2020-04-10 18:18:40.654 [Test worker] INFO  s.d.s.w.r.operation.CachingOperationNameGenerator - Generating unique operation named: handleUsingGET_25
2020-04-10 18:18:40.658 [Test worker] INFO  s.d.s.w.r.operation.CachingOperationNameGenerator - Generating unique operation named: handleUsingGET_26
2020-04-10 18:18:40.664 [Test worker] INFO  s.d.s.w.r.operation.CachingOperationNameGenerator - Generating unique operation named: helloUsingGET_2
2020-04-10 18:18:40.696 [Test worker] INFO  s.d.s.w.r.operation.CachingOperationNameGenerator - Generating unique operation named: getUserUsingGET_1
2020-04-10 18:18:41.022 [Test worker] INFO  com.example.demo.ServiceProviderApplicationTests - Started ServiceProviderApplicationTests in 54.731 seconds (JVM running for 61.668)
2020-04-10 18:18:41.789 [SpringContextShutdownHook] INFO  o.s.a.r.listener.SimpleMessageListenerContainer - Waiting for workers to finish.
2020-04-10 18:18:41.922 [SpringContextShutdownHook] INFO  o.s.a.r.listener.SimpleMessageListenerContainer - Successfully waited for workers to finish.
2020-04-10 18:18:41.922 [SpringContextShutdownHook] INFO  o.s.i.amqp.inbound.AmqpInboundChannelAdapter - stopped bean 'inbound.myMessageIn.anonymous.oiqc2Jm5TeqlMr4ySY0eAw'
2020-04-10 18:18:41.939 [SpringContextShutdownHook] INFO  o.s.cloud.stream.binder.BinderErrorChannel - Channel 'demo-service-provider-1.myMessageIn.anonymous.oiqc2Jm5TeqlMr4ySY0eAw.errors' has 1 subscriber(s).
2020-04-10 18:18:41.940 [SpringContextShutdownHook] INFO  o.s.cloud.stream.binder.BinderErrorChannel - Channel 'demo-service-provider-1.myMessageIn.anonymous.oiqc2Jm5TeqlMr4ySY0eAw.errors' has 0 subscriber(s).
2020-04-10 18:18:41.962 [SpringContextShutdownHook] INFO  o.s.a.r.listener.SimpleMessageListenerContainer - Waiting for workers to finish.
2020-04-10 18:18:41.965 [SpringContextShutdownHook] INFO  o.s.a.r.listener.SimpleMessageListenerContainer - Successfully waited for workers to finish.
2020-04-10 18:18:41.966 [SpringContextShutdownHook] INFO  o.s.i.amqp.inbound.AmqpInboundChannelAdapter - stopped bean 'inbound.springCloudBus.anonymous.jiLfRxZMRyar9d2cMUQd6g'
2020-04-10 18:18:41.969 [SpringContextShutdownHook] INFO  o.s.cloud.stream.binder.BinderErrorChannel - Channel 'demo-service-provider-1.springCloudBus.anonymous.jiLfRxZMRyar9d2cMUQd6g.errors' has 1 subscriber(s).
2020-04-10 18:18:41.970 [SpringContextShutdownHook] INFO  o.s.cloud.stream.binder.BinderErrorChannel - Channel 'demo-service-provider-1.springCloudBus.anonymous.jiLfRxZMRyar9d2cMUQd6g.errors' has 0 subscriber(s).
2020-04-10 18:18:41.979 [SpringContextShutdownHook] INFO  o.s.integration.endpoint.EventDrivenConsumer - Removing {logging-channel-adapter:_org.springframework.integration.errorLogger} as a subscriber to the 'errorChannel' channel
2020-04-10 18:18:41.980 [SpringContextShutdownHook] INFO  o.s.integration.channel.PublishSubscribeChannel - Channel 'demo-service-provider-1.errorChannel' has 0 subscriber(s).
2020-04-10 18:18:41.980 [SpringContextShutdownHook] INFO  o.s.integration.endpoint.EventDrivenConsumer - stopped bean '_org.springframework.integration.errorLogger'
2020-04-10 18:18:41.981 [SpringContextShutdownHook] INFO  o.s.scheduling.concurrent.ThreadPoolTaskScheduler - Shutting down ExecutorService 'catalogWatchTaskScheduler'
2020-04-10 18:18:41.987 [SpringContextShutdownHook] INFO  o.s.scheduling.concurrent.ThreadPoolTaskExecutor - Shutting down ExecutorService 'applicationTaskExecutor'
2020-04-10 18:18:41.992 [SpringContextShutdownHook] INFO  o.s.scheduling.concurrent.ThreadPoolTaskScheduler - Shutting down ExecutorService 'taskScheduler'
